Build started 12/31/2015 3:27:59 PM.
     1>Project "D:\Workspace\UAV\cv16-classification\SoftmaxRegression\SoftmaxRegression\SoftmaxRegression.vcxproj" on node 2 (Build target(s)).
     1>ClCompile:
         C:\Program Files (x86)\Microsoft Visual Studio 14.0\VC\bin\CL.exe /c /I"D:\Workspace\UAV\cv16-classification\SoftmaxRegression\SoftmaxRegression\OpenCV" /ZI /nologo /W3 /WX- /sdl /Od /Oy- /D WIN32 /D _DEBUG /D _CONSOLE /D _UNICODE /D UNICODE /Gm /EHsc /RTC1 /MDd /GS /fp:precise /Zc:wchar_t /Zc:forScope /Zc:inline /Yu"stdafx.h" /Fp"Debug\SoftmaxRegression.pch" /Fo"Debug\\" /Fd"Debug\vc140.pdb" /Gd /TP /analyze- /errorReport:prompt SoftmaxRegression.cpp
         SoftmaxRegression.cpp
     1>d:\workspace\uav\cv16-classification\softmaxregression\softmaxregression\softmaxregression.cpp(25): warning C4005: 'INFINITY': macro redefinition
         c:\program files (x86)\windows kits\10\include\10.0.10150.0\ucrt\math.h(78): note: see previous definition of 'INFINITY'
     1>d:\workspace\uav\cv16-classification\softmaxregression\softmaxregression\softmaxregression.cpp(124): warning C4244: '=': conversion from 'double' to 'float', possible loss of data
     1>d:\workspace\uav\cv16-classification\softmaxregression\softmaxregression\softmaxregression.cpp(164): warning C4244: '-=': conversion from 'double' to 'int', possible loss of data
     1>d:\workspace\uav\cv16-classification\softmaxregression\softmaxregression\softmaxregression.cpp(174): warning C4244: '-=': conversion from 'double' to 'int', possible loss of data
     1>d:\workspace\uav\cv16-classification\softmaxregression\softmaxregression\softmaxregression.cpp(188): warning C4101: 'e': unreferenced local variable
     1>d:\workspace\uav\cv16-classification\softmaxregression\softmaxregression\softmaxregression.cpp(338): warning C4244: 'argument': conversion from 'time_t' to 'unsigned int', possible loss of data
     1>d:\workspace\uav\cv16-classification\softmaxregression\softmaxregression\softmaxregression.cpp(398): warning C4244: 'argument': conversion from 'time_t' to 'unsigned int', possible loss of data
     1>d:\workspace\uav\cv16-classification\softmaxregression\softmaxregression\softmaxregression.cpp(478): warning C4305: '=': truncation from 'double' to 'float'
     1>d:\workspace\uav\cv16-classification\softmaxregression\softmaxregression\softmaxregression.cpp(560): warning C4244: '+=': conversion from 'double' to 'float', possible loss of data
     1>d:\workspace\uav\cv16-classification\softmaxregression\softmaxregression\softmaxregression.cpp(863): warning C4244: '-=': conversion from 'double' to 'int', possible loss of data
     1>d:\workspace\uav\cv16-classification\softmaxregression\softmaxregression\softmaxregression.cpp(873): warning C4244: '-=': conversion from 'double' to 'int', possible loss of data
     1>d:\workspace\uav\cv16-classification\softmaxregression\softmaxregression\softmaxregression.cpp(887): warning C4101: 'e': unreferenced local variable
     1>d:\workspace\uav\cv16-classification\softmaxregression\softmaxregression\softmaxregression.cpp(250): warning C4715: 'InputImage::charToOneHotIndex': not all control paths return a value
     1>d:\workspace\uav\cv16-classification\softmaxregression\softmaxregression\softmaxregression.cpp(270): warning C4715: 'InputImage::oneHotIndexToChar': not all control paths return a value
       Link:
         C:\Program Files (x86)\Microsoft Visual Studio 14.0\VC\bin\link.exe /ERRORREPORT:PROMPT /OUT:"D:\Workspace\UAV\cv16-classification\SoftmaxRegression\Debug\SoftmaxRegression.exe" /INCREMENTAL /NOLOGO opencv_world300d.lib opencv_world300.lib opencv_ts300d.lib opencv_ts300.lib kernel32.lib user32.lib gdi32.lib winspool.lib comdlg32.lib advapi32.lib shell32.lib ole32.lib oleaut32.lib uuid.lib odbc32.lib odbccp32.lib /MANIFEST /MANIFESTUAC:"level='asInvoker' uiAccess='false'" /manifest:embed /Debug /PDB:"D:\Workspace\UAV\cv16-classification\SoftmaxRegression\Debug\SoftmaxRegression.pdb" /SUBSYSTEM:CONSOLE /TLBID:1 /DYNAMICBASE /NXCOMPAT /IMPLIB:"D:\Workspace\UAV\cv16-classification\SoftmaxRegression\Debug\SoftmaxRegression.lib" /MACHINE:X86 Debug\SoftmaxRegression.obj
         Debug\stdafx.obj
         SoftmaxRegression.vcxproj -> D:\Workspace\UAV\cv16-classification\SoftmaxRegression\Debug\SoftmaxRegression.exe
     1>Done Building Project "D:\Workspace\UAV\cv16-classification\SoftmaxRegression\SoftmaxRegression\SoftmaxRegression.vcxproj" (Build target(s)).

Build succeeded.

Time Elapsed 00:00:02.57
